12:00:08 **** Incremental Build of configuration Release for project BlinkyLight ****
make all 
Building file: ../main.c
Invoking: AVR Compiler
avr-gcc -Wall -Os -fpack-struct -fshort-enums -ffunction-sections -fdata-sections -std=gnu99 -funsigned-char -funsigned-bitfields -mmcu=atmega32 -DF_CPU=12000000UL -MMD -MP -MF"main.d" -MT"main.o" -c -o "main.o" "../main.c"
../main.c:11:24: warning: extra tokens at end of #include directive
Finished building: ../main.c
 
Building target: BlinkyLight.elf
Invoking: AVR C Linker
avr-gcc -Wl,-Map,BlinkyLight.map -mmcu=atmega32 -o "BlinkyLight.elf"  ./main.o   
Finished building target: BlinkyLight.elf
 
Create Flash image (ihex format)
avr-objcopy -R .eeprom -R .fuse -R .lock -R .signature -O ihex BlinkyLight.elf  "BlinkyLight.hex"
Finished building: BlinkyLight.hex
 
Invoking: AVRDude
C:\WinAVR-20100110\bin\avrdude -pm32 -cusbasp -Uflash:w:BlinkyLight.hex:a

avrdude: warning: cannot set sck period. please check for usbasp firmware update.
avrdude: AVR device initialized and ready to accept instructions

Reading | ################################################## | 100% 0.00s

avrdude: Device signature = 0x1e9502
avrdude: NOTE: FLASH memory has been specified, an erase cycle will be performed
         To disable this feature, specify the -D option.
avrdude: erasing chip
avrdude: warning: cannot set sck period. please check for usbasp firmware update.
avrdude: reading input file "BlinkyLight.hex"
avrdude: input file BlinkyLight.hex auto detected as Intel Hex
avrdude: writing flash (198 bytes):

Writing | ################################################## | 100% 0.13s

avrdude: 198 bytes of flash written
avrdude: verifying flash memory against BlinkyLight.hex:
avrdude: load data flash data from input file BlinkyLight.hex:
avrdude: input file BlinkyLight.hex auto detected as Intel Hex
avrdude: input file BlinkyLight.hex contains 198 bytes
avrdude: reading on-chip flash data:

Reading | ################################################## | 100% 0.11s

avrdude: verifying ...
avrdude: 198 bytes of flash verified

avrdude done.  Thank you.

Finished building: avrdudedummy
 

12:00:10 Build Finished (took 1s.997ms)

