22:32:42 **** Incremental Build of configuration Release for project DIO ****
make all 
Building file: ../DIO.c
Invoking: AVR Compiler
avr-gcc -Wall -Os -fpack-struct -fshort-enums -ffunction-sections -fdata-sections -std=gnu99 -funsigned-char -funsigned-bitfields -mmcu=atmega32 -DF_CPU=12000000UL -MMD -MP -MF"DIO.d" -MT"DIO.o" -c -o "DIO.o" "../DIO.c"
../DIO.c: In function 'DIO_u8GetPortValue':
../DIO.c:167: warning: 'Value' may be used uninitialized in this function
../DIO.c: In function 'DIO_u8GetPinValue':
../DIO.c:192: warning: 'Value' may be used uninitialized in this function
Finished building: ../DIO.c
 
Building file: ../main.c
Invoking: AVR Compiler
avr-gcc -Wall -Os -fpack-struct -fshort-enums -ffunction-sections -fdata-sections -std=gnu99 -funsigned-char -funsigned-bitfields -mmcu=atmega32 -DF_CPU=12000000UL -MMD -MP -MF"main.d" -MT"main.o" -c -o "main.o" "../main.c"
In file included from ../main.c:8:
c:/winavr-20100110/lib/gcc/../../avr/include/avr/delay.h:36:2: warning: #warning "This file has been moved to <util/delay.h>."
Finished building: ../main.c
 
Building target: DIO.elf
Invoking: AVR C Linker
avr-gcc -Wl,-Map,DIO.map -mmcu=atmega32 -o "DIO.elf"  ./DIO.o ./main.o   
Finished building target: DIO.elf
 
Create Flash image (ihex format)
avr-objcopy -R .eeprom -R .fuse -R .lock -R .signature -O ihex DIO.elf  "DIO.hex"
Finished building: DIO.hex
 
Invoking: AVRDude
C:\WinAVR-20100110\bin\avrdude -pm32 -cusbasp -Uflash:w:DIO.hex:a
avrdude: error: could not find USB device "USBasp" with vid=0x16c0 pid=0x5dc
make: *** [avrdudedummy] Error 1

22:32:43 Build Finished (took 684ms)

