15:42:19 **** Build of configuration Debug for project DIO_Lab3.c ****
make all 
Building file: ../main.c
Invoking: AVR Compiler
avr-gcc -Wall -g2 -gstabs -O0 -fpack-struct -fshort-enums -ffunction-sections -fdata-sections -std=gnu99 -funsigned-char -funsigned-bitfields -mmcu=atmega16 -DF_CPU=1000000UL -MMD -MP -MF"main.d" -MT"main.o" -c -o "main.o" "../main.c"
In file included from ../main.c:9:
c:/winavr-20100110/lib/gcc/../../avr/include/util/delay.h:90:3: warning: #warning "Compiler optimizations disabled; functions from <util/delay.h> won't work as designed"
Finished building: ../main.c
 
Building target: DIO_Lab3.c.elf
Invoking: AVR C Linker
avr-gcc -Wl,-Map,DIO_Lab3.c.map -mmcu=atmega16 -o "DIO_Lab3.c.elf"  ./main.o   
Finished building target: DIO_Lab3.c.elf
 
Create Flash image (ihex format)
avr-objcopy -R .eeprom -R .fuse -R .lock -R .signature -O ihex DIO_Lab3.c.elf  "DIO_Lab3.c.hex"
Finished building: DIO_Lab3.c.hex
 
Invoking: AVRDude
C:\WinAVR-20100110\bin\avrdude -pm16 -cusbasp -Uflash:w:DIO_Lab3.c.hex:a
avrdude: error: could not find USB device "USBasp" with vid=0x16c0 pid=0x5dc
make: *** [avrdudedummy] Error 1

15:42:31 Build Finished (took 11s.835ms)

