20:12:46 **** Build of configuration Debug for project lab2_I2c_master ****
make all 
Building file: ../main.c
Invoking: AVR Compiler
avr-gcc -Wall -g2 -gstabs -O0 -fpack-struct -fshort-enums -ffunction-sections -fdata-sections -std=gnu99 -funsigned-char -funsigned-bitfields -mmcu=atmega32 -DF_CPU=8000000UL -MMD -MP -MF"main.d" -MT"main.o" -c -o "main.o" "../main.c"
In file included from ../main.c:12:
c:/winavr-20100110/lib/gcc/../../avr/include/util/delay.h:90:3: warning: #warning "Compiler optimizations disabled; functions from <util/delay.h> won't work as designed"
Finished building: ../main.c
 
Building target: lab2_I2c_master.elf
Invoking: AVR C Linker
avr-gcc -Wl,-Map,lab2_I2c_master.map -mmcu=atmega32 -o "lab2_I2c_master.elf"  ./main.o   
Finished building target: lab2_I2c_master.elf
 
Create Flash image (ihex format)
avr-objcopy -R .eeprom -R .fuse -R .lock -R .signature -O ihex lab2_I2c_master.elf  "lab2_I2c_master.hex"
Finished building: lab2_I2c_master.hex
 
Invoking: AVRDude
C:\WinAVR-20100110\bin\avrdude -pm32 -cusbasp -Uflash:w:lab2_I2c_master.hex:a
avrdude: error: could not find USB device "USBasp" with vid=0x16c0 pid=0x5dc
make: *** [avrdudedummy] Error 1

20:12:47 Build Finished (took 1s.588ms)

