22:32:56 **** Incremental Build of configuration Release for project Trafick_sevensegment ****
make all 
Building file: ../main.c
Invoking: AVR Compiler
avr-gcc -Wall -Os -fpack-struct -fshort-enums -ffunction-sections -fdata-sections -std=gnu99 -funsigned-char -funsigned-bitfields -mmcu=atmega32 -DF_CPU=12000000UL -MMD -MP -MF"main.d" -MT"main.o" -c -o "main.o" "../main.c"
In file included from ../main.c:36:
c:/winavr-20100110/lib/gcc/../../avr/include/avr/delay.h:36:2: warning: #warning "This file has been moved to <util/delay.h>."
Finished building: ../main.c
 
Building target: Trafick_sevensegment.elf
Invoking: AVR C Linker
avr-gcc -Wl,-Map,Trafick_sevensegment.map -mmcu=atmega32 -o "Trafick_sevensegment.elf"  ./DIO.o ./main.o   
Finished building target: Trafick_sevensegment.elf
 
Create Flash image (ihex format)
avr-objcopy -R .eeprom -R .fuse -R .lock -R .signature -O ihex Trafick_sevensegment.elf  "Trafick_sevensegment.hex"
Finished building: Trafick_sevensegment.hex
 
Invoking: AVRDude
C:\WinAVR-20100110\bin\avrdude -pm32 -cusbasp -Uflash:w:Trafick_sevensegment.hex:a

avrdude: warning: cannot set sck period. please check for usbasp firmware update.
avrdude: AVR device initialized and ready to accept instructions

Reading | ################################################## | 100% 0.00s

avrdude: Device signature = 0x1e9502
avrdude: NOTE: FLASH memory has been specified, an erase cycle will be performed
         To disable this feature, specify the -D option.
avrdude: erasing chip
avrdude: warning: cannot set sck period. please check for usbasp firmware update.
avrdude: reading input file "Trafick_sevensegment.hex"
avrdude: input file Trafick_sevensegment.hex auto detected as Intel Hex
avrdude: writing flash (1034 bytes):

Writing | ################################################## | 100% 0.69s

avrdude: 1034 bytes of flash written
avrdude: verifying flash memory against Trafick_sevensegment.hex:
avrdude: load data flash data from input file Trafick_sevensegment.hex:
avrdude: input file Trafick_sevensegment.hex auto detected as Intel Hex
avrdude: input file Trafick_sevensegment.hex contains 1034 bytes
avrdude: reading on-chip flash data:

Reading | ################################################## | 100% 0.51s

avrdude: verifying ...
avrdude: 1034 bytes of flash verified

avrdude done.  Thank you.

Finished building: avrdudedummy
 

22:32:58 Build Finished (took 2s.161ms)

